

-------------------------------------------------------------------------
Systeminfo:
CPU:               Intel64 Family 6 Model 158 Stepping 9, GenuineIntel
Number of CPUs:    8
RAM:               31.9GB
Diskinfo:          37.3GB/446.5GB
Operating system:  Windows-10-10.0.19045
Long path support: False
-------------------------------------------------------------------------

= 13.11.2024 17:06:39 (UTC +0:00) === ecu.test 2024.4.0.157279+6cc6544af3d9-FeatureSet 157279+6cc6544af3d9 (2024/10/15 14:58:06) (64bit) ===
Python 3.11.9 (tags/v3.11.9:de54cf5, Apr  2 2024, 10:12:12) [MSC v.1938 64 bit (AMD64)] / wx: 4.2.1+tt.5
Protocol: log level Default. Additional logging active: default output

License: ecu.test
         - License options:
             + ecu.test diagnostics
             + trace.check
         - valid up to version: 2024.4
         - valid until: 2025-01-28
         - licensed for: Mahindra_Racing_UK
         - runner: False
         - Server: license01.tracetronic.de



2024-11-13 17:06:39.253 18080 ManagedWorker-4*PE.Run() INFO:
                        Start package 'CaliberationPackage.pkg' with test case execution with sequential analysis job execution
2024-11-13 17:06:39.265 18080 ManagedWorker-4*PE.Run() INFO:
                        Test case "CaliberationPackage" started
2024-11-13 17:06:39.271 18080 ManagedWorker-4*PE.Run() DEBUG:
                        TestEngine: Start ports...
2024-11-13 17:06:39.288 18080 ManagedWorker-4*PE.Run() INFO:
                        Model time mode with continuous simulation activated, time source is port "MDL-DEFAULT01"
2024-11-13 17:06:39.290 18080 ManagedWorker-4*PE.Run() INFO:
                        Auto-Start/Stop: Complete test case: Recording for Test case variables
2024-11-13 17:06:46.373 18080 ManagedWorker-4*PE.Run() ERROR:
                        Test step 9(Calculation): "Operation ~No Representation~<NoRepresentation> - ~No Representation~<NoRepresentation> cannot be executed!"
                        Package "C:\Users\DIL\ecu.test\Workspace\Packages\CaliberationPackage.pkg"#9
2024-11-13 17:06:46.375 18080 ManagedWorker-4*PE.Run() DEBUG_EXC_PRINT:
                        tts.testExecution.engine.TestEngine.ExecuteTestStep: UserCodeException: Operation ~No Representation~<NoRepresentation> - ~No Representation~<NoRepresentation> cannot be executed!
                        Package "C:\Users\DIL\ecu.test\Workspace\Packages\CaliberationPackage.pkg"#9
2024-11-13 17:06:46.410 18080 ManagedWorker-4*PE.Run() ERROR:
                        Test step 10(Calculation): "VariableError: Read access to uninitialized variable: aSteerGain"
                        Package "C:\Users\DIL\ecu.test\Workspace\Packages\CaliberationPackage.pkg"#10
2024-11-13 17:06:46.412 18080 ManagedWorker-4*PE.Run() DEBUG_EXC_PRINT:
                        tts.testExecution.engine.TestEngine.ExecuteTestStep: UserCodeException: VariableError: Read access to uninitialized variable: aSteerGain
                        Package "C:\Users\DIL\ecu.test\Workspace\Packages\CaliberationPackage.pkg"#10
2024-11-13 17:06:46.445 18080 ManagedWorker-4*PE.Run() INFO:
                        1. Recording for Test case variables: Autostop
2024-11-13 17:06:46.446 18080 ManagedWorker-4*PE.Run() DEBUG:
                        TestEngine: Stop ports...
2024-11-13 17:06:46.545 18080 ManagedWorker-4*PE.Run() INFO:
                        Test case "CaliberationPackage" completed
